<?xml version="1.0" encoding="UTF-8"?>
<!-- Generated by org.testng.reporters.JUnitXMLReporter -->
<testsuite hostname="WTCS-PC" name="Command line test" tests="3" failures="0" timestamp="31 Aug 2016 14:12:45 GMT" time="4.544" errors="0">
  <testcase name="testSenchaLogin" time="1.397" classname="com.Senchalogin.SenchaLoginTest"/>
  <testcase name="testSenchaLogin" time="1.27" classname="com.Senchalogin.SenchaLoginTest"/>
  <testcase name="testSenchaLogin" time="1.687" classname="com.Senchalogin.SenchaLoginTest"/>
</testsuite> <!-- Command line test -->
