<?xml version="1.0" encoding="UTF-8"?>
<testng-results skipped="0" failed="0" ignored="0" total="1" passed="1">
  <reporter-output>
  </reporter-output>
  <suite name="Default suite" duration-ms="53799" started-at="2018-09-28T13:15:58Z" finished-at="2018-09-28T13:16:51Z">
    <groups>
    </groups>
    <test name="Default test" duration-ms="53799" started-at="2018-09-28T13:15:58Z" finished-at="2018-09-28T13:16:51Z">
      <class name="com.wtc.tests.SenchaTutorial">
        <test-method status="PASS" signature="SenchaTest()[pri:0, instance:com.wtc.tests.SenchaTutorial@3d921e20]" name="SenchaTest" duration-ms="53761" started-at="2018-09-28T13:15:58Z" finished-at="2018-09-28T13:16:51Z">
          <reporter-output>
          </reporter-output>
        </test-method> <!-- SenchaTest -->
      </class> <!-- com.wtc.tests.SenchaTutorial -->
    </test> <!-- Default test -->
  </suite> <!-- Default suite -->
</testng-results>
