<?xml version="1.0" encoding="UTF-8"?>
<testng-results skipped="3" failed="0" total="3" passed="0">
  <reporter-output>
  </reporter-output>
  <suite name="Default suite" duration-ms="234" started-at="2016-08-31T13:40:08Z" finished-at="2016-08-31T13:40:08Z">
    <groups>
    </groups>
    <test name="Default test" duration-ms="234" started-at="2016-08-31T13:40:08Z" finished-at="2016-08-31T13:40:08Z">
      <class name="com.Senchalogin.SenchaLoginTest">
        <test-method status="FAIL" signature="launchApp()[pri:0, instance:com.Senchalogin.SenchaLoginTest@560b70a8]" name="launchApp" is-config="true" duration-ms="0" started-at="2016-08-31T19:10:08Z" finished-at="2016-08-31T19:10:08Z">
          <exception class="java.lang.IllegalStateException">
            <message>
              <![CDATA[The path to the driver executable must be set by the webdriver.chrome.driver system property; for more information, see https://github.com/SeleniumHQ/selenium/wiki/ChromeDriver. The latest version can be downloaded from http://chromedriver.storage.googleapis.com/index.html]]>
            </message>
            <full-stacktrace>
              <![CDATA[java.lang.IllegalStateException: The path to the driver executable must be set by the webdriver.chrome.driver system property; for more information, see https://github.com/SeleniumHQ/selenium/wiki/ChromeDriver. The latest version can be downloaded from http://chromedriver.storage.googleapis.com/index.html
	at com.google.common.base.Preconditions.checkState(Preconditions.java:199)
	at org.openqa.selenium.remote.service.DriverService.findExecutable(DriverService.java:109)
	at org.openqa.selenium.chrome.ChromeDriverService.access$000(ChromeDriverService.java:32)
	at org.openqa.selenium.chrome.ChromeDriverService$Builder.findDefaultExecutable(ChromeDriverService.java:137)
	at org.openqa.selenium.remote.service.DriverService$Builder.build(DriverService.java:296)
	at org.openqa.selenium.chrome.ChromeDriverService.createDefaultService(ChromeDriverService.java:88)
	at org.openqa.selenium.chrome.ChromeDriver.<init>(ChromeDriver.java:116)
	at com.Senchalogin.SenchaLoginTest.launchApp(SenchaLoginTest.java:31)
	at sun.reflect.NativeMethodAccessorImpl.invoke0(Native Method)
	at sun.reflect.NativeMethodAccessorImpl.invoke(NativeMethodAccessorImpl.java:57)
	at sun.reflect.DelegatingMethodAccessorImpl.invoke(DelegatingMethodAccessorImpl.java:43)
	at java.lang.reflect.Method.invoke(Method.java:606)
	at org.testng.internal.MethodInvocationHelper.invokeMethod(MethodInvocationHelper.java:86)
	at org.testng.internal.Invoker.invokeConfigurationMethod(Invoker.java:514)
	at org.testng.internal.Invoker.invokeConfigurations(Invoker.java:215)
	at org.testng.internal.Invoker.invokeConfigurations(Invoker.java:142)
	at org.testng.SuiteRunner.privateRun(SuiteRunner.java:305)
	at org.testng.SuiteRunner.run(SuiteRunner.java:268)
	at org.testng.SuiteRunnerWorker.runSuite(SuiteRunnerWorker.java:52)
	at org.testng.SuiteRunnerWorker.run(SuiteRunnerWorker.java:86)
	at org.testng.TestNG.runSuitesSequentially(TestNG.java:1244)
	at org.testng.TestNG.runSuitesLocally(TestNG.java:1169)
	at org.testng.TestNG.run(TestNG.java:1064)
	at org.testng.remote.AbstractRemoteTestNG.run(AbstractRemoteTestNG.java:126)
	at org.testng.remote.RemoteTestNG.initAndRun(RemoteTestNG.java:152)
	at org.testng.remote.RemoteTestNG.main(RemoteTestNG.java:57)
]]>
            </full-stacktrace>
          </exception> <!-- java.lang.IllegalStateException -->
          <reporter-output>
          </reporter-output>
        </test-method> <!-- launchApp -->
        <test-method status="SKIP" signature="testSenchaLogin(java.lang.String, java.lang.String)[pri:0, instance:com.Senchalogin.SenchaLoginTest@560b70a8]" name="testSenchaLogin" duration-ms="3" started-at="2016-08-31T19:10:08Z" data-provider="getExcelData" finished-at="2016-08-31T19:10:08Z">
          <params>
            <param index="0">
              <value>
                <![CDATA[username1@gmail.com]]>
              </value>
            </param>
            <param index="1">
              <value>
                <![CDATA[password1]]>
              </value>
            </param>
          </params>
          <reporter-output>
          </reporter-output>
        </test-method> <!-- testSenchaLogin -->
        <test-method status="SKIP" signature="testSenchaLogin(java.lang.String, java.lang.String)[pri:0, instance:com.Senchalogin.SenchaLoginTest@560b70a8]" name="testSenchaLogin" duration-ms="3" started-at="2016-08-31T19:10:08Z" data-provider="getExcelData" finished-at="2016-08-31T19:10:08Z">
          <params>
            <param index="0">
              <value>
                <![CDATA[username2@gmail.com]]>
              </value>
            </param>
            <param index="1">
              <value>
                <![CDATA[password2]]>
              </value>
            </param>
          </params>
          <reporter-output>
          </reporter-output>
        </test-method> <!-- testSenchaLogin -->
        <test-method status="SKIP" signature="testSenchaLogin(java.lang.String, java.lang.String)[pri:0, instance:com.Senchalogin.SenchaLoginTest@560b70a8]" name="testSenchaLogin" duration-ms="3" started-at="2016-08-31T19:10:08Z" data-provider="getExcelData" finished-at="2016-08-31T19:10:08Z">
          <params>
            <param index="0">
              <value>
                <![CDATA[venugopal.vellepu@walkingtree.in]]>
              </value>
            </param>
            <param index="1">
              <value>
                <![CDATA[Testing]]>
              </value>
            </param>
          </params>
          <reporter-output>
          </reporter-output>
        </test-method> <!-- testSenchaLogin -->
        <test-method status="SKIP" signature="closeBrowser()[pri:0, instance:com.Senchalogin.SenchaLoginTest@560b70a8]" name="closeBrowser" is-config="true" duration-ms="0" started-at="2016-08-31T19:10:08Z" finished-at="2016-08-31T19:10:08Z">
          <reporter-output>
          </reporter-output>
        </test-method> <!-- closeBrowser -->
      </class> <!-- com.Senchalogin.SenchaLoginTest -->
    </test> <!-- Default test -->
  </suite> <!-- Default suite -->
</testng-results>
